2026-02-25 01:00:21.637 [HikariPool-1 housekeeper] WARN  com.zaxxer.hikari.pool.HikariPool - [TxId:] [User:] [ ] - HikariPool-1 - Thread starvation or clock leap detected (housekeeper delta=1h58s45ms).
2026-02-25 02:01:23.799 [HikariPool-1 housekeeper] WARN  com.zaxxer.hikari.pool.HikariPool - [TxId:] [User:] [ ] - HikariPool-1 - Thread starvation or clock leap detected (housekeeper delta=1h1m2s162ms).
2026-02-25 03:18:14.979 [HikariPool-1 housekeeper] WARN  com.zaxxer.hikari.pool.HikariPool - [TxId:] [User:] [ ] - HikariPool-1 - Thread starvation or clock leap detected (housekeeper delta=1h16m51s180ms).
2026-02-25 04:35:17.779 [HikariPool-1 housekeeper] WARN  com.zaxxer.hikari.pool.HikariPool - [TxId:] [User:] [ ] - HikariPool-1 - Thread starvation or clock leap detected (housekeeper delta=1h17m2s801ms).
2026-02-25 05:04:42.047 [HikariPool-1 housekeeper] WARN  com.zaxxer.hikari.pool.HikariPool - [TxId:] [User:] [ ] - HikariPool-1 - Thread starvation or clock leap detected (housekeeper delta=29m24s267ms).
2026-02-25 06:22:14.925 [HikariPool-1 housekeeper] WARN  com.zaxxer.hikari.pool.HikariPool - [TxId:] [User:] [ ] - HikariPool-1 - Thread starvation or clock leap detected (housekeeper delta=1h17m32s877ms).
2026-02-25 06:38:37.076 [AsyncResolver-bootstrap-executor-%d] INFO  c.n.d.s.r.aws.ConfigClusterResolver - [TxId:] [User:] [ ] - Resolving eureka endpoints via configuration
2026-02-25 07:39:20.643 [HikariPool-1 housekeeper] WARN  com.zaxxer.hikari.pool.HikariPool - [TxId:] [User:] [ ] - HikariPool-1 - Thread starvation or clock leap detected (housekeeper delta=1h17m5s719ms).
2026-02-25 08:54:14.333 [HikariPool-1 housekeeper] WARN  com.zaxxer.hikari.pool.HikariPool - [TxId:] [User:] [ ] - HikariPool-1 - Thread starvation or clock leap detected (housekeeper delta=1h14m53s689ms).
2026-02-25 09:24:08.186 [DiscoveryClient-HeartbeatExecutor-%d] INFO  c.netflix.discovery.DiscoveryClient - [TxId:] [User:] [ ] - DiscoveryClient_SPRING-CORE-EPAM/spring-core-epam:8081 - Re-registering apps/SPRING-CORE-EPAM
2026-02-25 09:24:08.187 [DiscoveryClient-HeartbeatExecutor-%d] INFO  c.netflix.discovery.DiscoveryClient - [TxId:] [User:] [ ] - DiscoveryClient_SPRING-CORE-EPAM/spring-core-epam:8081: registering service...
2026-02-25 09:24:08.201 [DiscoveryClient-HeartbeatExecutor-%d] INFO  c.netflix.discovery.DiscoveryClient - [TxId:] [User:] [ ] - DiscoveryClient_SPRING-CORE-EPAM/spring-core-epam:8081 - registration status: 204
2026-02-25 10:09:25.873 [HikariPool-1 housekeeper] WARN  com.zaxxer.hikari.pool.HikariPool - [TxId:] [User:] [ ] - HikariPool-1 - Thread starvation or clock leap detected (housekeeper delta=1h15m11s541ms).
2026-02-25 11:10:32.075 [HikariPool-1 housekeeper] WARN  com.zaxxer.hikari.pool.HikariPool - [TxId:] [User:] [ ] - HikariPool-1 - Thread starvation or clock leap detected (housekeeper delta=1h1m6s203ms).
2026-02-25 12:11:28.028 [HikariPool-1 housekeeper] WARN  com.zaxxer.hikari.pool.HikariPool - [TxId:] [User:] [ ] - HikariPool-1 - Thread starvation or clock leap detected (housekeeper delta=1h55s952ms).
2026-02-25 12:46:11.535 [HikariPool-1 housekeeper] WARN  com.zaxxer.hikari.pool.HikariPool - [TxId:] [User:] [ ] - HikariPool-1 - Thread starvation or clock leap detected (housekeeper delta=34m43s508ms).
2026-02-25 12:47:56.015 [HikariPool-1 housekeeper] WARN  com.zaxxer.hikari.pool.HikariPool - [TxId:] [User:] [ ] - HikariPool-1 - Thread starvation or clock leap detected (housekeeper delta=1m44s480ms).
2026-02-25 13:04:46.676 [HikariPool-1 housekeeper] WARN  com.zaxxer.hikari.pool.HikariPool - [TxId:] [User:] [ ] - HikariPool-1 - Thread starvation or clock leap detected (housekeeper delta=16m50s661ms).
2026-02-25 13:05:41.501 [HikariPool-1 housekeeper] WARN  com.zaxxer.hikari.pool.HikariPool - [TxId:] [User:] [ ] - HikariPool-1 - Thread starvation or clock leap detected (housekeeper delta=54s825ms).
2026-02-25 13:44:55.767 [HikariPool-1 housekeeper] WARN  com.zaxxer.hikari.pool.HikariPool - [TxId:] [User:] [ ] - HikariPool-1 - Thread starvation or clock leap detected (housekeeper delta=39m14s264ms).
2026-02-25 13:44:57.187 [AsyncResolver-bootstrap-executor-%d] INFO  c.n.d.s.r.aws.ConfigClusterResolver - [TxId:] [User:] [ ] - Resolving eureka endpoints via configuration
2026-02-25 14:48:44.347 [HikariPool-1 housekeeper] WARN  com.zaxxer.hikari.pool.HikariPool - [TxId:] [User:] [ ] - HikariPool-1 - Thread starvation or clock leap detected (housekeeper delta=1h3m48s581ms).
2026-02-25 15:52:29.356 [HikariPool-1 housekeeper] WARN  com.zaxxer.hikari.pool.HikariPool - [TxId:] [User:] [ ] - HikariPool-1 - Thread starvation or clock leap detected (housekeeper delta=1h3m45s9ms).
2026-02-25 16:15:25.596 [DiscoveryClient-HeartbeatExecutor-%d] INFO  c.netflix.discovery.DiscoveryClient - [TxId:] [User:] [ ] - DiscoveryClient_SPRING-CORE-EPAM/spring-core-epam:8081 - Re-registering apps/SPRING-CORE-EPAM
2026-02-25 16:15:25.599 [DiscoveryClient-HeartbeatExecutor-%d] INFO  c.netflix.discovery.DiscoveryClient - [TxId:] [User:] [ ] - DiscoveryClient_SPRING-CORE-EPAM/spring-core-epam:8081: registering service...
2026-02-25 16:15:25.609 [DiscoveryClient-HeartbeatExecutor-%d] INFO  c.netflix.discovery.DiscoveryClient - [TxId:] [User:] [ ] - DiscoveryClient_SPRING-CORE-EPAM/spring-core-epam:8081 - registration status: 204
2026-02-25 17:03:55.543 [HikariPool-1 housekeeper] WARN  com.zaxxer.hikari.pool.HikariPool - [TxId:] [User:] [ ] - HikariPool-1 - Thread starvation or clock leap detected (housekeeper delta=1h11m26s186ms).
2026-02-25 17:48:39.861 [HikariPool-1 housekeeper] WARN  com.zaxxer.hikari.pool.HikariPool - [TxId:] [User:] [ ] - HikariPool-1 - Thread starvation or clock leap detected (housekeeper delta=44m44s320ms).
2026-02-25 17:49:15.316 [DiscoveryClient-HeartbeatExecutor-%d] INFO  c.netflix.discovery.DiscoveryClient - [TxId:] [User:] [ ] - DiscoveryClient_SPRING-CORE-EPAM/spring-core-epam:8081 - Re-registering apps/SPRING-CORE-EPAM
2026-02-25 17:49:15.316 [DiscoveryClient-HeartbeatExecutor-%d] INFO  c.netflix.discovery.DiscoveryClient - [TxId:] [User:] [ ] - DiscoveryClient_SPRING-CORE-EPAM/spring-core-epam:8081: registering service...
2026-02-25 17:49:15.323 [DiscoveryClient-HeartbeatExecutor-%d] INFO  c.netflix.discovery.DiscoveryClient - [TxId:] [User:] [ ] - DiscoveryClient_SPRING-CORE-EPAM/spring-core-epam:8081 - registration status: 204
2026-02-25 17:49:59.732 [HikariPool-1 housekeeper] WARN  com.zaxxer.hikari.pool.HikariPool - [TxId:] [User:] [ ] - HikariPool-1 - Thread starvation or clock leap detected (housekeeper delta=1m19s870ms).
2026-02-25 18:08:14.721 [HikariPool-1 housekeeper] WARN  com.zaxxer.hikari.pool.HikariPool - [TxId:] [User:] [ ] - HikariPool-1 - Thread starvation or clock leap detected (housekeeper delta=18m14s989ms).
2026-02-25 18:09:59.264 [HikariPool-1 housekeeper] WARN  com.zaxxer.hikari.pool.HikariPool - [TxId:] [User:] [ ] - HikariPool-1 - Thread starvation or clock leap detected (housekeeper delta=1m44s544ms).
2026-02-25 18:35:07.979 [HikariPool-1 housekeeper] WARN  com.zaxxer.hikari.pool.HikariPool - [TxId:] [User:] [ ] - HikariPool-1 - Thread starvation or clock leap detected (housekeeper delta=25m8s714ms).
2026-02-25 18:35:43.397 [DiscoveryClient-HeartbeatExecutor-%d] INFO  c.netflix.discovery.DiscoveryClient - [TxId:] [User:] [ ] - DiscoveryClient_SPRING-CORE-EPAM/spring-core-epam:8081 - Re-registering apps/SPRING-CORE-EPAM
2026-02-25 18:35:43.398 [DiscoveryClient-HeartbeatExecutor-%d] INFO  c.netflix.discovery.DiscoveryClient - [TxId:] [User:] [ ] - DiscoveryClient_SPRING-CORE-EPAM/spring-core-epam:8081: registering service...
2026-02-25 18:35:43.413 [DiscoveryClient-HeartbeatExecutor-%d] INFO  c.netflix.discovery.DiscoveryClient - [TxId:] [User:] [ ] - DiscoveryClient_SPRING-CORE-EPAM/spring-core-epam:8081 - registration status: 204
2026-02-25 18:37:17.387 [HikariPool-1 housekeeper] WARN  com.zaxxer.hikari.pool.HikariPool - [TxId:] [User:] [ ] - HikariPool-1 - Thread starvation or clock leap detected (housekeeper delta=2m9s408ms).
2026-02-25 18:55:14.513 [HikariPool-1 housekeeper] WARN  com.zaxxer.hikari.pool.HikariPool - [TxId:] [User:] [ ] - HikariPool-1 - Thread starvation or clock leap detected (housekeeper delta=17m57s126ms).
2026-02-25 18:55:15.766 [AsyncResolver-bootstrap-executor-%d] INFO  c.n.d.s.r.aws.ConfigClusterResolver - [TxId:] [User:] [ ] - Resolving eureka endpoints via configuration
2026-02-25 18:56:34.273 [HikariPool-1 housekeeper] WARN  com.zaxxer.hikari.pool.HikariPool - [TxId:] [User:] [ ] - HikariPool-1 - Thread starvation or clock leap detected (housekeeper delta=1m19s760ms).
2026-02-25 19:12:54.827 [HikariPool-1 housekeeper] WARN  com.zaxxer.hikari.pool.HikariPool - [TxId:] [User:] [ ] - HikariPool-1 - Thread starvation or clock leap detected (housekeeper delta=16m20s553ms).
2026-02-25 19:13:55.239 [DiscoveryClient-HeartbeatExecutor-%d] INFO  c.netflix.discovery.DiscoveryClient - [TxId:] [User:] [ ] - DiscoveryClient_SPRING-CORE-EPAM/spring-core-epam:8081 - Re-registering apps/SPRING-CORE-EPAM
2026-02-25 19:13:55.240 [DiscoveryClient-HeartbeatExecutor-%d] INFO  c.netflix.discovery.DiscoveryClient - [TxId:] [User:] [ ] - DiscoveryClient_SPRING-CORE-EPAM/spring-core-epam:8081: registering service...
2026-02-25 19:13:55.250 [DiscoveryClient-HeartbeatExecutor-%d] INFO  c.netflix.discovery.DiscoveryClient - [TxId:] [User:] [ ] - DiscoveryClient_SPRING-CORE-EPAM/spring-core-epam:8081 - registration status: 204
2026-02-25 19:18:23.785 [HikariPool-1 housekeeper] WARN  com.zaxxer.hikari.pool.HikariPool - [TxId:] [User:] [ ] - HikariPool-1 - Thread starvation or clock leap detected (housekeeper delta=5m28s960ms).
2026-02-25 19:37:16.792 [HikariPool-1 housekeeper] WARN  com.zaxxer.hikari.pool.HikariPool - [TxId:] [User:] [ ] - HikariPool-1 - Thread starvation or clock leap detected (housekeeper delta=18m53s6ms).
2026-02-25 19:53:44.538 [HikariPool-1 housekeeper] WARN  com.zaxxer.hikari.pool.HikariPool - [TxId:] [User:] [ ] - HikariPool-1 - Thread starvation or clock leap detected (housekeeper delta=16m27s745ms).
2026-02-25 21:20:25.037 [HikariPool-1 housekeeper] WARN  com.zaxxer.hikari.pool.HikariPool - [TxId:] [User:] [ ] - HikariPool-1 - Thread starvation or clock leap detected (housekeeper delta=1h26m40s500ms).
2026-02-25 22:08:49.353 [HikariPool-1 housekeeper] WARN  com.zaxxer.hikari.pool.HikariPool - [TxId:] [User:] [ ] - HikariPool-1 - Thread starvation or clock leap detected (housekeeper delta=48m24s316ms).
2026-02-25 22:10:33.876 [HikariPool-1 housekeeper] WARN  com.zaxxer.hikari.pool.HikariPool - [TxId:] [User:] [ ] - HikariPool-1 - Thread starvation or clock leap detected (housekeeper delta=1m44s524ms).
2026-02-25 22:11:29.677 [HikariPool-1 housekeeper] WARN  com.zaxxer.hikari.pool.HikariPool - [TxId:] [User:] [ ] - HikariPool-1 - Thread starvation or clock leap detected (housekeeper delta=55s800ms).
2026-02-25 22:21:30.965 [HikariPool-1 housekeeper] WARN  com.zaxxer.hikari.pool.HikariPool - [TxId:] [User:] [ ] - HikariPool-1 - Thread starvation or clock leap detected (housekeeper delta=10m1s287ms).
2026-02-25 22:29:26.390 [AsyncResolver-bootstrap-executor-%d] INFO  c.n.d.s.r.aws.ConfigClusterResolver - [TxId:] [User:] [ ] - Resolving eureka endpoints via configuration
2026-02-25 22:44:46.049 [DiscoveryClient-HeartbeatExecutor-%d] INFO  c.netflix.discovery.DiscoveryClient - [TxId:] [User:] [ ] - DiscoveryClient_SPRING-CORE-EPAM/spring-core-epam:8081 - Re-registering apps/SPRING-CORE-EPAM
2026-02-25 22:44:46.050 [DiscoveryClient-HeartbeatExecutor-%d] INFO  c.netflix.discovery.DiscoveryClient - [TxId:] [User:] [ ] - DiscoveryClient_SPRING-CORE-EPAM/spring-core-epam:8081: registering service...
2026-02-25 22:44:46.063 [DiscoveryClient-HeartbeatExecutor-%d] INFO  c.netflix.discovery.DiscoveryClient - [TxId:] [User:] [ ] - DiscoveryClient_SPRING-CORE-EPAM/spring-core-epam:8081 - registration status: 204
2026-02-25 22:45:05.277 [HikariPool-1 housekeeper] WARN  com.zaxxer.hikari.pool.HikariPool - [TxId:] [User:] [ ] - HikariPool-1 - Thread starvation or clock leap detected (housekeeper delta=23m34s312ms).
2026-02-25 22:49:36.386 [AsyncResolver-bootstrap-executor-%d] INFO  c.n.d.s.r.aws.ConfigClusterResolver - [TxId:] [User:] [ ] - Resolving eureka endpoints via configuration
2026-02-25 22:54:36.383 [AsyncResolver-bootstrap-executor-%d] INFO  c.n.d.s.r.aws.ConfigClusterResolver - [TxId:] [User:] [ ] - Resolving eureka endpoints via configuration
2026-02-25 22:59:36.390 [AsyncResolver-bootstrap-executor-%d] INFO  c.n.d.s.r.aws.ConfigClusterResolver - [TxId:] [User:] [ ] - Resolving eureka endpoints via configuration
2026-02-25 23:04:36.383 [AsyncResolver-bootstrap-executor-%d] INFO  c.n.d.s.r.aws.ConfigClusterResolver - [TxId:] [User:] [ ] - Resolving eureka endpoints via configuration
2026-02-25 23:09:36.378 [AsyncResolver-bootstrap-executor-%d] INFO  c.n.d.s.r.aws.ConfigClusterResolver - [TxId:] [User:] [ ] - Resolving eureka endpoints via configuration
2026-02-25 23:14:36.373 [AsyncResolver-bootstrap-executor-%d] INFO  c.n.d.s.r.aws.ConfigClusterResolver - [TxId:] [User:] [ ] - Resolving eureka endpoints via configuration
2026-02-25 23:19:36.372 [AsyncResolver-bootstrap-executor-%d] INFO  c.n.d.s.r.aws.ConfigClusterResolver - [TxId:] [User:] [ ] - Resolving eureka endpoints via configuration
2026-02-25 23:24:36.371 [AsyncResolver-bootstrap-executor-%d] INFO  c.n.d.s.r.aws.ConfigClusterResolver - [TxId:] [User:] [ ] - Resolving eureka endpoints via configuration
2026-02-25 23:29:36.367 [AsyncResolver-bootstrap-executor-%d] INFO  c.n.d.s.r.aws.ConfigClusterResolver - [TxId:] [User:] [ ] - Resolving eureka endpoints via configuration
2026-02-25 23:34:36.375 [AsyncResolver-bootstrap-executor-%d] INFO  c.n.d.s.r.aws.ConfigClusterResolver - [TxId:] [User:] [ ] - Resolving eureka endpoints via configuration
2026-02-25 23:39:36.368 [AsyncResolver-bootstrap-executor-%d] INFO  c.n.d.s.r.aws.ConfigClusterResolver - [TxId:] [User:] [ ] - Resolving eureka endpoints via configuration
2026-02-25 23:44:36.367 [AsyncResolver-bootstrap-executor-%d] INFO  c.n.d.s.r.aws.ConfigClusterResolver - [TxId:] [User:] [ ] - Resolving eureka endpoints via configuration
2026-02-25 23:49:36.380 [AsyncResolver-bootstrap-executor-%d] INFO  c.n.d.s.r.aws.ConfigClusterResolver - [TxId:] [User:] [ ] - Resolving eureka endpoints via configuration
2026-02-25 23:54:36.385 [AsyncResolver-bootstrap-executor-%d] INFO  c.n.d.s.r.aws.ConfigClusterResolver - [TxId:] [User:] [ ] - Resolving eureka endpoints via configuration
2026-02-25 23:59:36.380 [AsyncResolver-bootstrap-executor-%d] INFO  c.n.d.s.r.aws.ConfigClusterResolver - [TxId:] [User:] [ ] - Resolving eureka endpoints via configuration
