2026-01-30 01:51:44.570 [main] INFO  o.e.s.i.dbImpl.TrainerServiceDbImpl - [TxId:] [User:] [ ] - Trainer updated successfully: Mike.Johnson -> Mike.Johnson
2026-01-30 01:51:44.583 [main] ERROR o.e.s.i.dbImpl.TrainerServiceDbImpl - [TxId:] [User:] [ ] - Trainer not found for update: Mike.Johnson
2026-01-30 01:51:44.600 [main] INFO  o.e.s.i.dbImpl.TrainerServiceDbImpl - [TxId:] [User:] [ ] - Total trainers fetched: 1
2026-01-30 01:51:52.466 [main] INFO  o.e.s.i.i.TrainerServiceInMemoryImpl - [TxId:] [User:] [ ] - Updating Trainer: bob01
2026-01-30 01:52:14.603 [main] INFO  o.e.api.controller.TrainerController - [TxId:] [User:] [ ] - Updating trainer: alice123
2026-01-30 01:52:14.605 [main] INFO  o.e.api.controller.TrainerController - [TxId:] [User:] [ ] - Trainer updated successfully: alice123
2026-01-30 01:52:14.607 [main] INFO  o.e.api.controller.TrainerController - [TxId:] [User:] [ ] - Fetching all trainers
2026-01-30 01:52:14.607 [main] INFO  o.e.api.controller.TrainerController - [TxId:] [User:] [ ] - Fetched 2 trainers
2026-01-30 01:52:14.610 [main] INFO  o.e.api.controller.TrainerController - [TxId:] [User:] [ ] - Fetching trainer by username: alice123
2026-01-30 01:52:14.610 [main] INFO  o.e.api.controller.TrainerController - [TxId:] [User:] [ ] - Trainer found: alice123
2026-01-30 01:52:14.615 [main] INFO  o.e.api.controller.TrainerController - [TxId:] [User:] [ ] - Fetching trainer by username: unknown
2026-01-30 01:52:14.615 [main] WARN  o.e.api.controller.TrainerController - [TxId:] [User:] [ ] - Trainer not found: unknown
2026-01-30 01:54:43.378 [main] INFO  o.e.s.i.i.TrainerServiceInMemoryImpl - [TxId:] [User:] [ ] - Creating new Trainer (in-memory)
2026-01-30 01:54:43.398 [main] INFO  o.e.s.i.i.TrainerServiceInMemoryImpl - [TxId:] [User:] [ ] - Updating Trainer: bob01
2026-01-30 01:54:58.700 [main] INFO  org.example.init.StorageInitializer - [TxId:] [User:] [ ] - Loaded 1 trainers
2026-01-30 01:54:58.704 [main] INFO  org.example.init.StorageInitializer - [TxId:] [User:] [ ] - Loaded 1 trainees
2026-01-30 01:54:58.706 [main] INFO  org.example.init.StorageInitializer - [TxId:] [User:] [ ] - Loaded 1 trainings
2026-01-30 01:54:58.800 [main] WARN  o.e.s.h.JwtAuthenticationEntryPoint - [TxId:] [User:] [ ] - ❌ Unauthorized access attempt to: /api/secure/resource - Invalid credentials
2026-01-30 01:54:58.807 [main] WARN  o.e.s.h.JwtAuthenticationEntryPoint - [TxId:] [User:] [ ] - ❌ Unauthorized access attempt to: /api/secure/resource - Invalid credentials
2026-01-30 01:54:58.809 [main] WARN  o.e.s.h.JwtAuthenticationEntryPoint - [TxId:] [User:] [ ] - ❌ Unauthorized access attempt to: /api/secure/resource - Invalid credentials
2026-01-30 01:54:58.812 [main] WARN  o.e.s.h.JwtAuthenticationEntryPoint - [TxId:] [User:] [ ] - ❌ Unauthorized access attempt to: /api/secure/resource - Invalid credentials
2026-01-30 01:54:58.816 [main] WARN  o.e.s.h.JwtAuthenticationEntryPoint - [TxId:] [User:] [ ] - ❌ Unauthorized access attempt to: /api/secure/resource - null
2026-01-30 01:54:58.820 [main] WARN  o.e.s.h.JwtAuthenticationEntryPoint - [TxId:] [User:] [ ] - ❌ Unauthorized access attempt to: /api/secure/resource - Invalid credentials
2026-01-30 01:54:58.824 [main] WARN  o.e.s.h.JwtAuthenticationEntryPoint - [TxId:] [User:] [ ] - ❌ Unauthorized access attempt to: /api/secure/resource - Token expired
2026-01-30 01:54:58.826 [main] WARN  o.e.s.h.JwtAuthenticationEntryPoint - [TxId:] [User:] [ ] - ❌ Unauthorized access attempt to: /api/secure/resource - Invalid credentials
2026-01-30 01:54:58.828 [main] WARN  o.e.s.h.JwtAuthenticationEntryPoint - [TxId:] [User:] [ ] - ❌ Unauthorized access attempt to: /api/secure/resource - Invalid credentials
2026-01-30 01:54:58.830 [main] WARN  o.e.s.h.JwtAuthenticationEntryPoint - [TxId:] [User:] [ ] - ❌ Unauthorized access attempt to: /api/secure/resource - Invalid credentials
2026-01-30 01:54:58.835 [main] WARN  o.e.s.h.JwtAuthenticationEntryPoint - [TxId:] [User:] [ ] - ❌ Unauthorized access attempt to:  - Invalid credentials
2026-01-30 01:54:58.838 [main] WARN  o.e.s.h.JwtAuthenticationEntryPoint - [TxId:] [User:] [ ] - ❌ Unauthorized access attempt to: /api/secure/resource - Invalid credentials
2026-01-30 01:54:58.840 [main] WARN  o.e.s.h.JwtAuthenticationEntryPoint - [TxId:] [User:] [ ] - ❌ Unauthorized access attempt to: /api/admin/dashboard - Invalid credentials
2026-01-30 01:54:58.842 [main] WARN  o.e.s.h.JwtAuthenticationEntryPoint - [TxId:] [User:] [ ] - ❌ Unauthorized access attempt to: /api/secure/resource - Invalid credentials
2026-01-30 01:54:58.844 [main] WARN  o.e.s.h.JwtAuthenticationEntryPoint - [TxId:] [User:] [ ] - ❌ Unauthorized access attempt to: /api/secure/resource - Invalid credentials
2026-01-30 01:54:58.847 [main] WARN  o.e.s.h.JwtAuthenticationEntryPoint - [TxId:] [User:] [ ] - ❌ Unauthorized access attempt to: /api/secure/resource - Invalid credentials
2026-01-30 01:54:58.852 [main] WARN  o.e.s.handler.JwtAccessDeniedHandler - [TxId:] [User:] [ ] - ❌ Access denied to: /api/admin/users - Insufficient permissions
2026-01-30 01:54:58.854 [main] WARN  o.e.s.handler.JwtAccessDeniedHandler - [TxId:] [User:] [ ] - ❌ Access denied to: /api/admin/users - Insufficient permissions
2026-01-30 01:54:58.857 [main] WARN  o.e.s.handler.JwtAccessDeniedHandler - [TxId:] [User:] [ ] - ❌ Access denied to: /api/protected/resource - Insufficient permissions
2026-01-30 01:54:58.859 [main] WARN  o.e.s.handler.JwtAccessDeniedHandler - [TxId:] [User:] [ ] - ❌ Access denied to: /api/admin/users - Insufficient permissions
2026-01-30 01:54:58.860 [main] WARN  o.e.s.handler.JwtAccessDeniedHandler - [TxId:] [User:] [ ] - ❌ Access denied to: /api/admin/users - Insufficient permissions
2026-01-30 01:54:58.863 [main] WARN  o.e.s.handler.JwtAccessDeniedHandler - [TxId:] [User:] [ ] - ❌ Access denied to: /api/admin/users - Insufficient permissions
2026-01-30 01:54:58.865 [main] WARN  o.e.s.handler.JwtAccessDeniedHandler - [TxId:] [User:] [ ] - ❌ Access denied to: /api/admin/users - Insufficient permissions
2026-01-30 01:54:58.869 [main] WARN  o.e.s.handler.JwtAccessDeniedHandler - [TxId:] [User:] [ ] - ❌ Access denied to: /api/admin/users - Insufficient permissions
2026-01-30 01:54:58.871 [main] WARN  o.e.s.handler.JwtAccessDeniedHandler - [TxId:] [User:] [ ] - ❌ Access denied to: /api/admin/users - Insufficient permissions
2026-01-30 01:54:58.872 [main] WARN  o.e.s.handler.JwtAccessDeniedHandler - [TxId:] [User:] [ ] - ❌ Access denied to: /api/admin/users - Insufficient permissions
2026-01-30 01:54:58.874 [main] WARN  o.e.s.handler.JwtAccessDeniedHandler - [TxId:] [User:] [ ] - ❌ Access denied to: /api/admin/users - Insufficient permissions
2026-01-30 01:54:58.875 [main] WARN  o.e.s.handler.JwtAccessDeniedHandler - [TxId:] [User:] [ ] - ❌ Access denied to: /api/admin/users - Insufficient permissions
2026-01-30 01:54:58.878 [main] WARN  o.e.s.handler.JwtAccessDeniedHandler - [TxId:] [User:] [ ] - ❌ Access denied to: /api/admin/users - Insufficient permissions
2026-01-30 01:54:58.977 [main] INFO  o.e.s.filter.JwtAuthenticationFilter - [TxId:] [User:] [ ] - ✅ JWT token valid for user: testuser accessing: /api/users/profile
2026-01-30 01:54:58.985 [main] WARN  o.e.s.filter.JwtAuthenticationFilter - [TxId:] [User:] [ ] - ❌ User not found: User not found for request: /api/users/profile
2026-01-30 01:54:59.014 [main] WARN  o.e.s.filter.JwtAuthenticationFilter - [TxId:] [User:] [ ] - ❌ Invalid JWT token for user: testuser
2026-01-30 01:54:59.021 [main] WARN  o.e.s.filter.JwtAuthenticationFilter - [TxId:] [User:] [ ] - ❌ Username could not be extracted from token for request: /api/users/profile
2026-01-30 01:54:59.031 [main] WARN  o.e.s.filter.JwtAuthenticationFilter - [TxId:] [User:] [ ] - ❌ Malformed JWT token for request: /api/users/profile - Malformed token
2026-01-30 01:54:59.038 [main] WARN  o.e.s.filter.JwtAuthenticationFilter - [TxId:] [User:] [ ] - ❌ JWT token expired for request: /api/users/profile - Token expired
2026-01-30 01:54:59.046 [main] ERROR o.e.s.filter.JwtAuthenticationFilter - [TxId:] [User:] [ ] - ❌ JWT Authentication failed for /api/users/profile: Unexpected error
java.lang.RuntimeException: Unexpected error
	at org.example.security.filter.JwtAuthenticationFilter.doFilterInternal(JwtAuthenticationFilter.java:69)
	at org.example.security.filter.JwtAuthenticationFilterTest.doFilterInternal_WithGenericException_ShouldClearSecurityContext(JwtAuthenticationFilterTest.java:275)
	at java.base/jdk.internal.reflect.DirectMethodHandleAccessor.invoke(DirectMethodHandleAccessor.java:104)
	at java.base/java.lang.reflect.Method.invoke(Method.java:565)
	at org.junit.platform.commons.util.ReflectionUtils.invokeMethod(ReflectionUtils.java:728)
	at org.junit.jupiter.engine.execution.MethodInvocation.proceed(MethodInvocation.java:60)
	at org.junit.jupiter.engine.execution.InvocationInterceptorChain$ValidatingInvocation.proceed(InvocationInterceptorChain.java:131)
	at org.junit.jupiter.engine.extension.TimeoutExtension.intercept(TimeoutExtension.java:156)
	at org.junit.jupiter.engine.extension.TimeoutExtension.interceptTestableMethod(TimeoutExtension.java:147)
	at org.junit.jupiter.engine.extension.TimeoutExtension.interceptTestMethod(TimeoutExtension.java:86)
	at org.junit.jupiter.engine.execution.InterceptingExecutableInvoker$ReflectiveInterceptorCall.lambda$ofVoidMethod$0(InterceptingExecutableInvoker.java:103)
	at org.junit.jupiter.engine.execution.InterceptingExecutableInvoker.lambda$invoke$0(InterceptingExecutableInvoker.java:93)
	at org.junit.jupiter.engine.execution.InvocationInterceptorChain$InterceptedInvocation.proceed(InvocationInterceptorChain.java:106)
	at org.junit.jupiter.engine.execution.InvocationInterceptorChain.proceed(InvocationInterceptorChain.java:64)
	at org.junit.jupiter.engine.execution.InvocationInterceptorChain.chainAndInvoke(InvocationInterceptorChain.java:45)
	at org.junit.jupiter.engine.execution.InvocationInterceptorChain.invoke(InvocationInterceptorChain.java:37)
	at org.junit.jupiter.engine.execution.InterceptingExecutableInvoker.invoke(InterceptingExecutableInvoker.java:92)
	at org.junit.jupiter.engine.execution.InterceptingExecutableInvoker.invoke(InterceptingExecutableInvoker.java:86)
	at org.junit.jupiter.engine.descriptor.TestMethodTestDescriptor.lambda$invokeTestMethod$7(TestMethodTestDescriptor.java:218)
	at org.junit.platform.engine.support.hierarchical.ThrowableCollector.execute(ThrowableCollector.java:73)
	at org.junit.jupiter.engine.descriptor.TestMethodTestDescriptor.invokeTestMethod(TestMethodTestDescriptor.java:214)
	at org.junit.jupiter.engine.descriptor.TestMethodTestDescriptor.execute(TestMethodTestDescriptor.java:139)
	at org.junit.jupiter.engine.descriptor.TestMethodTestDescriptor.execute(TestMethodTestDescriptor.java:69)
	at org.junit.platform.engine.support.hierarchical.NodeTestTask.lambda$executeRecursively$6(NodeTestTask.java:151)
	at org.junit.platform.engine.support.hierarchical.ThrowableCollector.execute(ThrowableCollector.java:73)
	at org.junit.platform.engine.support.hierarchical.NodeTestTask.lambda$executeRecursively$8(NodeTestTask.java:141)
	at org.junit.platform.engine.support.hierarchical.Node.around(Node.java:137)
	at org.junit.platform.engine.support.hierarchical.NodeTestTask.lambda$executeRecursively$9(NodeTestTask.java:139)
	at org.junit.platform.engine.support.hierarchical.ThrowableCollector.execute(ThrowableCollector.java:73)
	at org.junit.platform.engine.support.hierarchical.NodeTestTask.executeRecursively(NodeTestTask.java:138)
	at org.junit.platform.engine.support.hierarchical.NodeTestTask.execute(NodeTestTask.java:95)
	at java.base/java.util.ArrayList.forEach(ArrayList.java:1604)
	at org.junit.platform.engine.support.hierarchical.SameThreadHierarchicalTestExecutorService.invokeAll(SameThreadHierarchicalTestExecutorService.java:41)
	at org.junit.platform.engine.support.hierarchical.NodeTestTask.lambda$executeRecursively$6(NodeTestTask.java:155)
	at org.junit.platform.engine.support.hierarchical.ThrowableCollector.execute(ThrowableCollector.java:73)
	at org.junit.platform.engine.support.hierarchical.NodeTestTask.lambda$executeRecursively$8(NodeTestTask.java:141)
	at org.junit.platform.engine.support.hierarchical.Node.around(Node.java:137)
	at org.junit.platform.engine.support.hierarchical.NodeTestTask.lambda$executeRecursively$9(NodeTestTask.java:139)
	at org.junit.platform.engine.support.hierarchical.ThrowableCollector.execute(ThrowableCollector.java:73)
	at org.junit.platform.engine.support.hierarchical.NodeTestTask.executeRecursively(NodeTestTask.java:138)
	at org.junit.platform.engine.support.hierarchical.NodeTestTask.execute(NodeTestTask.java:95)
	at java.base/java.util.ArrayList.forEach(ArrayList.java:1604)
	at org.junit.platform.engine.support.hierarchical.SameThreadHierarchicalTestExecutorService.invokeAll(SameThreadHierarchicalTestExecutorService.java:41)
	at org.junit.platform.engine.support.hierarchical.NodeTestTask.lambda$executeRecursively$6(NodeTestTask.java:155)
	at org.junit.platform.engine.support.hierarchical.ThrowableCollector.execute(ThrowableCollector.java:73)
	at org.junit.platform.engine.support.hierarchical.NodeTestTask.lambda$executeRecursively$8(NodeTestTask.java:141)
	at org.junit.platform.engine.support.hierarchical.Node.around(Node.java:137)
	at org.junit.platform.engine.support.hierarchical.NodeTestTask.lambda$executeRecursively$9(NodeTestTask.java:139)
	at org.junit.platform.engine.support.hierarchical.ThrowableCollector.execute(ThrowableCollector.java:73)
	at org.junit.platform.engine.support.hierarchical.NodeTestTask.executeRecursively(NodeTestTask.java:138)
	at org.junit.platform.engine.support.hierarchical.NodeTestTask.execute(NodeTestTask.java:95)
	at org.junit.platform.engine.support.hierarchical.SameThreadHierarchicalTestExecutorService.submit(SameThreadHierarchicalTestExecutorService.java:35)
	at org.junit.platform.engine.support.hierarchical.HierarchicalTestExecutor.execute(HierarchicalTestExecutor.java:57)
	at org.junit.platform.engine.support.hierarchical.HierarchicalTestEngine.execute(HierarchicalTestEngine.java:54)
	at org.junit.platform.launcher.core.EngineExecutionOrchestrator.execute(EngineExecutionOrchestrator.java:198)
	at org.junit.platform.launcher.core.EngineExecutionOrchestrator.execute(EngineExecutionOrchestrator.java:169)
	at org.junit.platform.launcher.core.EngineExecutionOrchestrator.execute(EngineExecutionOrchestrator.java:93)
	at org.junit.platform.launcher.core.EngineExecutionOrchestrator.lambda$execute$0(EngineExecutionOrchestrator.java:58)
	at org.junit.platform.launcher.core.EngineExecutionOrchestrator.withInterceptedStreams(EngineExecutionOrchestrator.java:141)
	at org.junit.platform.launcher.core.EngineExecutionOrchestrator.execute(EngineExecutionOrchestrator.java:57)
	at org.junit.platform.launcher.core.DefaultLauncher.execute(DefaultLauncher.java:103)
	at org.junit.platform.launcher.core.DefaultLauncher.execute(DefaultLauncher.java:85)
	at org.junit.platform.launcher.core.DelegatingLauncher.execute(DelegatingLauncher.java:47)
	at org.apache.maven.surefire.junitplatform.LazyLauncher.execute(LazyLauncher.java:56)
	at org.apache.maven.surefire.junitplatform.JUnitPlatformProvider.execute(JUnitPlatformProvider.java:184)
	at org.apache.maven.surefire.junitplatform.JUnitPlatformProvider.invokeAllTests(JUnitPlatformProvider.java:148)
	at org.apache.maven.surefire.junitplatform.JUnitPlatformProvider.invoke(JUnitPlatformProvider.java:122)
	at org.apache.maven.surefire.booter.ForkedBooter.runSuitesInProcess(ForkedBooter.java:385)
	at org.apache.maven.surefire.booter.ForkedBooter.execute(ForkedBooter.java:162)
	at org.apache.maven.surefire.booter.ForkedBooter.run(ForkedBooter.java:507)
	at org.apache.maven.surefire.booter.ForkedBooter.main(ForkedBooter.java:495)
2026-01-30 01:54:59.052 [main] WARN  o.e.s.filter.JwtAuthenticationFilter - [TxId:] [User:] [ ] - ❌ Username could not be extracted from token for request: /api/users/profile
2026-01-30 01:54:59.062 [main] WARN  o.e.s.filter.JwtAuthenticationFilter - [TxId:] [User:] [ ] - ❌ Invalid JWT signature for request: /api/users/profile - Invalid signature
2026-01-30 01:54:59.130 [main] INFO  o.e.security.service.AuthService - [TxId:] [User:] [ ] - Login attempt for user: user2
2026-01-30 01:54:59.131 [main] ERROR o.e.security.service.AuthService - [TxId:] [User:] [ ] - Authentication failed for user: user2 - Bad credentials
2026-01-30 01:54:59.133 [main] INFO  o.e.security.service.AuthService - [TxId:] [User:] [ ] - Login attempt for user: user3
2026-01-30 01:54:59.133 [main] ERROR o.e.security.service.AuthService - [TxId:] [User:] [ ] - Authentication failed for user: user3 - Bad credentials
2026-01-30 01:54:59.144 [main] INFO  o.e.security.service.AuthService - [TxId:] [User:] [ ] - Login attempt for user: user1
2026-01-30 01:54:59.145 [main] INFO  o.e.security.service.AuthService - [TxId:] [User:] [ ] - User user1 logged in successfully with JWT
2026-01-30 01:54:59.209 [main] WARN  o.e.s.s.BruteForceProtectionService - [TxId:] [User:] [ ] - User user2 is blocked. Time remaining: 3 minutes
2026-01-30 01:54:59.211 [main] INFO  o.e.s.s.BruteForceProtectionService - [TxId:] [User:] [ ] - Resetting login attempts for user: user5 (previous attempts: 2)
2026-01-30 01:54:59.218 [main] WARN  o.e.s.s.BruteForceProtectionService - [TxId:] [User:] [ ] - User user4 blocked after 3 failed attempts. Blocked until: 2026-01-30T01:59:59.218684
2026-01-30 01:54:59.220 [main] INFO  o.e.s.s.BruteForceProtectionService - [TxId:] [User:] [ ] - Failed login attempt 1 of 3 for user: user3
2026-01-30 01:54:59.258 [main] ERROR o.e.s.service.GymUserDetailsService - [TxId:] [User:] [ ] - User not found: testuser
2026-01-30 01:54:59.261 [main] ERROR o.e.s.service.GymUserDetailsService - [TxId:] [User:] [ ] - User not found: nonexistent
2026-01-30 01:54:59.265 [main] ERROR o.e.s.service.GymUserDetailsService - [TxId:] [User:] [ ] - User not found: 
2026-01-30 01:54:59.267 [main] ERROR o.e.s.service.GymUserDetailsService - [TxId:] [User:] [ ] - User not found: null
2026-01-30 01:54:59.272 [main] INFO  org.example.dao.impl.TrainerDaoImpl - [TxId:] [User:] [ ] - Saved Trainer: trainer1
2026-01-30 01:54:59.272 [main] INFO  org.example.dao.impl.TrainerDaoImpl - [TxId:] [User:] [ ] - Saved Trainer: trainer2
2026-01-30 01:54:59.272 [main] INFO  org.example.dao.impl.TrainerDaoImpl - [TxId:] [User:] [ ] - Fetching all Trainers. Total count: 2
2026-01-30 01:54:59.273 [main] INFO  org.example.dao.impl.TrainerDaoImpl - [TxId:] [User:] [ ] - Saved Trainer: trainer01
2026-01-30 01:54:59.274 [main] INFO  org.example.dao.impl.TrainerDaoImpl - [TxId:] [User:] [ ] - Saved Trainer: trainer01
2026-01-30 01:54:59.274 [main] INFO  org.example.dao.impl.TrainerDaoImpl - [TxId:] [User:] [ ] - Updated Trainer: trainer01
2026-01-30 01:54:59.274 [main] INFO  org.example.dao.impl.TrainerDaoImpl - [TxId:] [User:] [ ] - Saved Trainer: trainer01
2026-01-30 01:54:59.278 [main] WARN  org.example.dao.impl.TraineeDaoImpl - [TxId:] [User:] [ ] - Attempted to delete non-existent Trainee: ghost01
2026-01-30 01:54:59.278 [main] INFO  org.example.dao.impl.TraineeDaoImpl - [TxId:] [User:] [ ] - Saved new Trainee: t1
2026-01-30 01:54:59.278 [main] INFO  org.example.dao.impl.TraineeDaoImpl - [TxId:] [User:] [ ] - Saved new Trainee: t2
2026-01-30 01:54:59.278 [main] INFO  org.example.dao.impl.TraineeDaoImpl - [TxId:] [User:] [ ] - Fetching all Trainees. Total count: 2
2026-01-30 01:54:59.279 [main] INFO  org.example.dao.impl.TraineeDaoImpl - [TxId:] [User:] [ ] - Saved new Trainee: john01
2026-01-30 01:54:59.279 [main] INFO  org.example.dao.impl.TraineeDaoImpl - [TxId:] [User:] [ ] - Saved new Trainee: john01
2026-01-30 01:54:59.279 [main] INFO  org.example.dao.impl.TraineeDaoImpl - [TxId:] [User:] [ ] - Updated Trainee: john01
2026-01-30 01:54:59.279 [main] INFO  org.example.dao.impl.TraineeDaoImpl - [TxId:] [User:] [ ] - Saved new Trainee: alice01
2026-01-30 01:54:59.280 [main] INFO  org.example.dao.impl.TraineeDaoImpl - [TxId:] [User:] [ ] - Saved new Trainee: john01
2026-01-30 01:54:59.280 [main] INFO  org.example.dao.impl.TraineeDaoImpl - [TxId:] [User:] [ ] - Deleted Trainee: john01
2026-01-30 01:54:59.284 [main] INFO  o.example.dao.impl.TrainingDaoImpl - [TxId:] [User:] [ ] - Saved new Training: Spring Boot Basics
2026-01-30 01:54:59.289 [main] INFO  o.example.dao.impl.TrainingDaoImpl - [TxId:] [User:] [ ] - Saved new Training: Python Data
2026-01-30 01:54:59.289 [main] INFO  o.example.dao.impl.TrainingDaoImpl - [TxId:] [User:] [ ] - Saved new Training: Java Masterclass
2026-01-30 01:54:59.289 [main] INFO  o.example.dao.impl.TrainingDaoImpl - [TxId:] [User:] [ ] - Fetching all Trainings. Total count: 2
2026-01-30 01:54:59.290 [main] INFO  o.example.dao.impl.TrainingDaoImpl - [TxId:] [User:] [ ] - Saved new Training: React Advanced
2026-01-30 01:54:59.380 [main] INFO  o.e.api.controller.TraineeController - [TxId:] [User:] [ ] - Fetching trainee by username: john123
2026-01-30 01:54:59.380 [main] INFO  o.e.api.controller.TraineeController - [TxId:] [User:] [ ] - Trainee found: john123
2026-01-30 01:54:59.387 [main] INFO  o.e.api.controller.TraineeController - [TxId:] [User:] [ ] - Creating new trainee: John Doe
2026-01-30 01:54:59.387 [main] INFO  o.e.api.controller.TraineeController - [TxId:] [User:] [ ] - Trainee created successfully with username: john123
2026-01-30 01:54:59.388 [main] INFO  o.e.api.controller.TraineeController - [TxId:] [User:] [ ] - Updating trainee: john123
2026-01-30 01:54:59.388 [main] INFO  o.e.api.controller.TraineeController - [TxId:] [User:] [ ] - Trainee updated successfully: john123
2026-01-30 01:54:59.389 [main] INFO  o.e.api.controller.TraineeController - [TxId:] [User:] [ ] - Fetching all trainees
2026-01-30 01:54:59.389 [main] INFO  o.e.api.controller.TraineeController - [TxId:] [User:] [ ] - Fetched 2 trainees
2026-01-30 01:54:59.390 [main] INFO  o.e.api.controller.TraineeController - [TxId:] [User:] [ ] - Fetching trainee by username: unknown
2026-01-30 01:54:59.390 [main] WARN  o.e.api.controller.TraineeController - [TxId:] [User:] [ ] - Trainee not found: unknown
2026-01-30 01:54:59.391 [main] INFO  o.e.api.controller.TraineeController - [TxId:] [User:] [ ] - Deleting trainee: john123
2026-01-30 01:54:59.391 [main] INFO  o.e.api.controller.TraineeController - [TxId:] [User:] [ ] - Trainee deleted successfully: john123
2026-01-30 01:54:59.409 [main] INFO  o.e.a.c.TrainingTypeController - [TxId:] [User:] [ ] - Fetching training type by name: Pilates
2026-01-30 01:54:59.409 [main] WARN  o.e.a.c.TrainingTypeController - [TxId:] [User:] [ ] - Training type not found: Pilates
2026-01-30 01:54:59.410 [main] INFO  o.e.a.c.TrainingTypeController - [TxId:] [User:] [ ] - Fetching all training types
2026-01-30 01:54:59.411 [main] INFO  o.e.a.c.TrainingTypeController - [TxId:] [User:] [ ] - Fetched 2 training types
2026-01-30 01:54:59.412 [main] INFO  o.e.a.c.TrainingTypeController - [TxId:] [User:] [ ] - Fetching training type by name: Yoga
2026-01-30 01:54:59.412 [main] INFO  o.e.a.c.TrainingTypeController - [TxId:] [User:] [ ] - Training type found: Yoga
2026-01-30 01:54:59.431 [main] INFO  o.e.api.controller.TrainerController - [TxId:] [User:] [ ] - Updating trainer: alice123
2026-01-30 01:54:59.431 [main] INFO  o.e.api.controller.TrainerController - [TxId:] [User:] [ ] - Trainer updated successfully: alice123
2026-01-30 01:54:59.432 [main] INFO  o.e.api.controller.TrainerController - [TxId:] [User:] [ ] - Fetching all trainers
2026-01-30 01:54:59.432 [main] INFO  o.e.api.controller.TrainerController - [TxId:] [User:] [ ] - Fetched 2 trainers
2026-01-30 01:54:59.433 [main] INFO  o.e.api.controller.TrainerController - [TxId:] [User:] [ ] - Fetching trainer by username: alice123
2026-01-30 01:54:59.434 [main] INFO  o.e.api.controller.TrainerController - [TxId:] [User:] [ ] - Trainer found: alice123
2026-01-30 01:54:59.439 [main] INFO  o.e.api.controller.TrainerController - [TxId:] [User:] [ ] - Fetching trainer by username: unknown
2026-01-30 01:54:59.439 [main] WARN  o.e.api.controller.TrainerController - [TxId:] [User:] [ ] - Trainer not found: unknown
2026-01-30 01:54:59.463 [main] INFO  o.e.api.controller.LoginController - [TxId:] [User:] [ ] - Login request received for username: user1
2026-01-30 01:54:59.463 [main] INFO  o.e.api.controller.LoginController - [TxId:] [User:] [ ] - Login successful for username: user1
2026-01-30 01:54:59.465 [main] INFO  o.e.api.controller.LoginController - [TxId:] [User:] [ ] - Login request received for username: user2
2026-01-30 01:54:59.465 [main] INFO  o.e.api.controller.LoginController - [TxId:] [User:] [ ] - Logout request received
2026-01-30 01:54:59.483 [main] INFO  o.e.api.controller.ProfileController - [TxId:] [User:] [ ] - Changing active status for user: user1
2026-01-30 01:54:59.483 [main] WARN  o.e.api.controller.ProfileController - [TxId:] [User:] [ ] - User not found: user1
2026-01-30 01:54:59.484 [main] INFO  o.e.api.controller.ProfileController - [TxId:] [User:] [ ] - Changing password for user: user1
2026-01-30 01:54:59.484 [main] INFO  o.e.api.controller.ProfileController - [TxId:] [User:] [ ] - Password changed successfully for user: user1
2026-01-30 01:54:59.486 [main] INFO  o.e.api.controller.ProfileController - [TxId:] [User:] [ ] - Changing active status for user: user1
2026-01-30 01:54:59.486 [main] INFO  o.e.api.controller.ProfileController - [TxId:] [User:] [ ] - Active status changed for user: user1 to true
2026-01-30 01:54:59.487 [main] INFO  o.e.api.controller.ProfileController - [TxId:] [User:] [ ] - Changing password for user: user1
2026-01-30 01:54:59.487 [main] WARN  o.e.api.controller.ProfileController - [TxId:] [User:] [ ] - Old password does not match for user: user1
2026-01-30 01:54:59.488 [main] INFO  o.e.api.controller.ProfileController - [TxId:] [User:] [ ] - Changing password for user: user1
2026-01-30 01:54:59.488 [main] WARN  o.e.api.controller.ProfileController - [TxId:] [User:] [ ] - Missing old or new password for user: user1
2026-01-30 01:54:59.522 [main] INFO  o.e.a.controller.TrainingController - [TxId:] [User:] [ ] - Fetching all trainings
2026-01-30 01:54:59.522 [main] INFO  o.e.a.controller.TrainingController - [TxId:] [User:] [ ] - Fetched 2 trainings
2026-01-30 01:54:59.524 [main] INFO  o.e.a.controller.TrainingController - [TxId:] [User:] [ ] - Fetching trainings for trainee: trainee1 with filters - from: null, to: null, trainerName: null, trainingType: null
2026-01-30 01:54:59.524 [main] INFO  o.e.a.controller.TrainingController - [TxId:] [User:] [ ] - Fetched 1 trainings for trainee: trainee1
2026-01-30 01:54:59.525 [main] INFO  o.e.a.controller.TrainingController - [TxId:] [User:] [ ] - Fetching training by name: Yoga
2026-01-30 01:54:59.525 [main] INFO  o.e.a.controller.TrainingController - [TxId:] [User:] [ ] - Training found: Yoga
2026-01-30 01:54:59.527 [main] INFO  o.e.a.controller.TrainingController - [TxId:] [User:] [ ] - Fetching trainings for trainer: trainer1 with filters - from: null, to: null, traineeName: null
2026-01-30 01:54:59.527 [main] INFO  o.e.a.controller.TrainingController - [TxId:] [User:] [ ] - Fetched 1 trainings for trainer: trainer1
2026-01-30 01:54:59.580 [main] INFO  o.e.s.impl.AuthenticationServiceImpl - [TxId:] [User:] [ ] - User authenticated successfully: john
2026-01-30 01:54:59.584 [main] INFO  o.e.services.impl.ProfileServiceImpl - [TxId:] [User:] [ ] - Active status toggled for john.doe -> true
2026-01-30 01:54:59.584 [main] INFO  o.e.services.impl.ProfileServiceImpl - [TxId:] [User:] [ ] - Creating profile for user: John Doe
2026-01-30 01:54:59.585 [main] INFO  o.e.services.impl.ProfileServiceImpl - [TxId:] [User:] [ ] - Profile created successfully for username: John.Doe
2026-01-30 01:54:59.585 [main] INFO  o.e.services.impl.ProfileServiceImpl - [TxId:] [User:] [ ] - Creating profile for user: John Doe
2026-01-30 01:54:59.586 [main] INFO  o.e.services.impl.ProfileServiceImpl - [TxId:] [User:] [ ] - Profile created successfully for username: John.Doe1
2026-01-30 01:54:59.588 [main] INFO  o.e.services.impl.ProfileServiceImpl - [TxId:] [User:] [ ] - Password updated for john.doe
2026-01-30 01:54:59.589 [main] INFO  o.e.services.impl.ProfileServiceImpl - [TxId:] [User:] [ ] - Active status toggled for john.doe -> false
2026-01-30 01:54:59.607 [main] INFO  o.e.s.i.i.TrainingServiceInMemoryImpl - [TxId:] [User:] [ ] - Training retrieved: Python for Data
2026-01-30 01:54:59.608 [main] WARN  o.e.s.i.i.TrainingServiceInMemoryImpl - [TxId:] [User:] [ ] - Training not found: Unknown
2026-01-30 01:54:59.609 [main] INFO  o.e.s.i.i.TrainingServiceInMemoryImpl - [TxId:] [User:] [ ] - Fetched 2 trainings
2026-01-30 01:54:59.610 [main] INFO  o.e.s.i.i.TrainingServiceInMemoryImpl - [TxId:] [User:] [ ] - Training created: Spring Boot Basics
2026-01-30 01:54:59.632 [main] INFO  o.e.s.i.i.UserServiceInMemoryImpl - [TxId:] [User:] [ ] - User saved in-memory: alice
2026-01-30 01:54:59.633 [main] INFO  o.e.s.i.i.UserServiceInMemoryImpl - [TxId:] [User:] [ ] - In-memory user created: alice
2026-01-30 01:54:59.634 [main] INFO  o.e.s.i.i.UserServiceInMemoryImpl - [TxId:] [User:] [ ] - User saved in-memory: john
2026-01-30 01:54:59.634 [main] INFO  o.e.s.i.i.UserServiceInMemoryImpl - [TxId:] [User:] [ ] - In-memory user created: john
2026-01-30 01:54:59.635 [main] INFO  o.e.s.i.i.UserServiceInMemoryImpl - [TxId:] [User:] [ ] - Fetched 2 users from in-memory store
2026-01-30 01:54:59.672 [main] INFO  o.e.s.i.i.TrainerServiceInMemoryImpl - [TxId:] [User:] [ ] - Creating new Trainer (in-memory)
2026-01-30 01:54:59.675 [main] INFO  o.e.s.i.i.TrainerServiceInMemoryImpl - [TxId:] [User:] [ ] - Updating Trainer: bob01
2026-01-30 01:54:59.700 [main] INFO  o.e.s.i.i.TraineeServiceInMemoryImpl - [TxId:] [User:] [ ] - Trainee created successfully: john
2026-01-30 01:54:59.701 [main] INFO  o.e.s.i.i.TraineeServiceInMemoryImpl - [TxId:] [User:] [ ] - Trainee updated successfully: john
2026-01-30 01:54:59.702 [main] INFO  o.e.s.i.i.TraineeServiceInMemoryImpl - [TxId:] [User:] [ ] - Total Trainees found: 2
2026-01-30 01:54:59.705 [main] INFO  o.e.s.i.i.TraineeServiceInMemoryImpl - [TxId:] [User:] [ ] - Trainee deleted: john
2026-01-30 01:54:59.773 [main] INFO  o.e.s.i.dbImpl.TrainerServiceDbImpl - [TxId:] [User:] [ ] - Trainer updated successfully: Mike.Johnson -> Mike.Johnson
2026-01-30 01:54:59.774 [main] ERROR o.e.s.i.dbImpl.TrainerServiceDbImpl - [TxId:] [User:] [ ] - Trainer not found for update: Mike.Johnson
2026-01-30 01:54:59.780 [main] INFO  o.e.s.i.dbImpl.TrainerServiceDbImpl - [TxId:] [User:] [ ] - Total trainers fetched: 1
2026-01-30 01:54:59.828 [main] INFO  o.e.s.i.dbImpl.TraineeServiceDbImpl - [TxId:] [User:] [ ] - Total trainees fetched: 1
2026-01-30 01:54:59.829 [main] INFO  o.e.s.i.dbImpl.TraineeServiceDbImpl - [TxId:] [User:] [ ] - Trainee deleted successfully: john.doe
2026-01-30 01:54:59.830 [main] INFO  o.e.s.i.dbImpl.TraineeServiceDbImpl - [TxId:] [User:] [ ] - Trainee updated successfully: John.Doe
2026-01-30 01:54:59.831 [main] INFO  o.e.s.i.dbImpl.TraineeServiceDbImpl - [TxId:] [User:] [ ] - Total trainees fetched: 0
2026-01-30 01:54:59.832 [main] ERROR o.e.s.i.dbImpl.TraineeServiceDbImpl - [TxId:] [User:] [ ] - Trainee not found for update: john.doe
2026-01-30 01:54:59.833 [main] WARN  o.e.s.i.dbImpl.TraineeServiceDbImpl - [TxId:] [User:] [ ] - Trainee not found for deletion: john.doe
2026-01-30 01:54:59.835 [main] INFO  o.e.s.i.dbImpl.TraineeServiceDbImpl - [TxId:] [User:] [ ] - Creating trainee with generated username: John.Doe
2026-01-30 01:54:59.835 [main] INFO  o.e.s.i.dbImpl.TraineeServiceDbImpl - [TxId:] [User:] [ ] - User created successfully: John.Doe
2026-01-30 01:54:59.836 [main] INFO  o.e.s.i.dbImpl.TraineeServiceDbImpl - [TxId:] [User:] [ ] - Trainee created successfully: John.Doe
2026-01-30 01:54:59.836 [main] INFO  o.e.s.i.dbImpl.TraineeServiceDbImpl - [TxId:] [User:] [ ] - JWT token generated for trainee: John.Doe
2026-01-30 01:54:59.877 [main] INFO  o.e.s.i.dbImpl.TrainingServiceDbImpl - [TxId:] [User:] [ ] - Fetched 1 total trainings
2026-01-30 01:54:59.879 [main] INFO  o.e.s.i.dbImpl.TrainingServiceDbImpl - [TxId:] [User:] [ ] - Fetched 1 trainer trainings for username=trainer01
2026-01-30 01:54:59.880 [main] INFO  o.e.s.i.dbImpl.TrainingServiceDbImpl - [TxId:] [User:] [ ] - Fetched 1 trainee trainings for username=john
2026-01-30 01:54:59.884 [main] INFO  o.e.s.i.dbImpl.TrainingServiceDbImpl - [TxId:] [User:] [ ] - Training found: Yoga
2026-01-30 01:54:59.887 [main] ERROR o.e.s.impl.dbImpl.UserServiceDbImpl - [TxId:] [User:] [ ] - User not found for update: john
2026-01-30 01:54:59.888 [main] ERROR o.e.s.impl.dbImpl.UserServiceDbImpl - [TxId:] [User:] [ ] - User not found: john
2026-01-30 01:54:59.890 [main] INFO  o.e.s.impl.dbImpl.UserServiceDbImpl - [TxId:] [User:] [ ] - User created: null
2026-01-30 01:54:59.891 [main] ERROR o.e.s.impl.dbImpl.UserServiceDbImpl - [TxId:] [User:] [ ] - User not found for deletion: john
2026-01-30 01:54:59.891 [main] INFO  o.e.s.impl.dbImpl.UserServiceDbImpl - [TxId:] [User:] [ ] - User updated: john
2026-01-30 01:54:59.892 [main] INFO  o.e.s.impl.dbImpl.UserServiceDbImpl - [TxId:] [User:] [ ] - Fetched 2 users
2026-01-30 01:54:59.892 [main] INFO  o.e.s.impl.dbImpl.UserServiceDbImpl - [TxId:] [User:] [ ] - User deleted: john
